<?xml version="1.0" encoding="UTF-8"?>
<testng-results ignored="0" total="1" passed="1" failed="0" skipped="0">
  <reporter-output>
  </reporter-output>
  <suite started-at="2022-03-23T14:48:08 IST" name="Default suite" finished-at="2022-03-23T14:49:08 IST" duration-ms="59300">
    <groups>
    </groups>
    <test started-at="2022-03-23T14:48:08 IST" name="Default test" finished-at="2022-03-23T14:49:08 IST" duration-ms="59300">
      <class name="practice.ParameterLoginPageOfVtigerTest">
        <test-method signature="login()[pri:0, instance:practice.ParameterLoginPageOfVtigerTest@120f102b]" started-at="2022-03-23T14:48:09 IST" name="login" finished-at="2022-03-23T14:49:08 IST" duration-ms="59203" status="PASS">
          <reporter-output>
          </reporter-output>
        </test-method> <!-- login -->
      </class> <!-- practice.ParameterLoginPageOfVtigerTest -->
    </test> <!-- Default test -->
  </suite> <!-- Default suite -->
</testng-results>
